SF:lib/service/http_execute_api.dart
DA:9,1
DA:10,1
DA:11,1
DA:14,2
DA:16,1
DA:19,1
DA:20,1
DA:21,4
DA:24,3
DA:26,1
DA:27,0
DA:30,1
DA:31,2
DA:32,2
DA:37,3
DA:41,0
DA:45,1
DA:46,3
LF:18
LH:16
end_of_record
SF:lib/src/bloc/search_bloc/search_event.dart
DA:4,1
DA:11,1
LF:2
LH:2
end_of_record
SF:lib/src/bloc/search_bloc/search_bloc.dart
DA:11,3
DA:12,2
DA:14,1
DA:15,4
DA:17,2
DA:18,2
DA:20,2
DA:21,0
DA:22,0
DA:23,0
DA:26,3
DA:27,0
DA:28,0
DA:30,0
LF:14
LH:8
end_of_record
SF:lib/src/bloc/search_bloc/search_state.dart
DA:4,3
DA:5,1
DA:7,1
DA:11,1
DA:13,1
DA:20,2
DA:25,1
LF:7
LH:7
end_of_record
SF:lib/infrastructure/data/api_execution_params.dart
DA:7,1
LF:1
LH:1
end_of_record
SF:lib/infrastructure/repo/http_repo_impl.dart
DA:8,1
DA:15,1
DA:17,2
LF:3
LH:3
end_of_record
SF:lib/src/data/models/image_model.dart
DA:5,1
DA:7,2
DA:8,1
DA:9,3
DA:10,1
DA:19,1
DA:25,2
DA:26,1
DA:27,1
DA:28,1
DA:29,1
DA:31,0
DA:32,0
DA:33,0
DA:34,0
DA:35,0
DA:36,0
DA:40,0
DA:41,0
LF:19
LH:11
end_of_record
SF:lib/src/data/repo/search_repo.dart
DA:10,1
DA:13,2
DA:15,1
DA:16,1
DA:17,1
DA:20,0
LF:6
LH:5
end_of_record
